<?xml version="1.0" encoding="UTF-8" ?>
<testsuite tests="4" failures="0" name="com.force4us.service.SeckillEntityServiceTest" time="5.551" errors="0" skipped="0">
  <properties>
[...]
</properties>
  <testcase classname="com.force4us.service.SeckillEntityServiceTest" name="executeSeckillProcedure" time="3.444"/>
  <testcase classname="com.force4us.service.SeckillEntityServiceTest" name="getById" time="0.084"/>
  <testcase classname="com.force4us.service.SeckillEntityServiceTest" name="exportSeckillLogic" time="2.017"/>
  <testcase classname="com.force4us.service.SeckillEntityServiceTest" name="getSeckillList" time="0.006"/>
</testsuite>